-------------------------------------------------------------------------------
Test set: com.chensoul.lss.OAuth2ProviderApplicationTests
-------------------------------------------------------------------------------
Tests run: 1, Failures: 1, Errors: 0, Skipped: 0, Time elapsed: 1.436 s <<< FAILURE! - in com.chensoul.lss.OAuth2ProviderApplicationTests
tokenWhenUsingClientCredentialsThenIsValid  Time elapsed: 0.116 s  <<< FAILURE!
java.lang.AssertionError: Status expected:<200> but was:<400>
	at com.chensoul.lss.OAuth2ProviderApplicationTests.tokenWhenUsingClientCredentialsThenIsValid(OAuth2ProviderApplicationTests.java:45)

